2026-05-04T09:50:44.582+05:30  INFO 9388 --- [ConsentIQ] [main] com.consentiq.ConsentIqApplication       : Starting ConsentIqApplication using Java 17.0.1 with PID 9388 (D:\CMS\CMS-V6\backend\target\classes started by mustafa.bhagat in D:\CMS\CMS-V6\backend)
2026-05-04T09:50:44.588+05:30 DEBUG 9388 --- [ConsentIQ] [main] com.consentiq.ConsentIqApplication       : Running with Spring Boot v3.2.5, Spring v6.1.6
2026-05-04T09:50:44.589+05:30  INFO 9388 --- [ConsentIQ] [main] com.consentiq.ConsentIqApplication       : No active profile set, falling back to 1 default profile: "default"
2026-05-04T09:50:46.007+05:30  INFO 9388 --- [ConsentIQ] [main] .s.d.r.c.RepositoryConfigurationDelegate : Bootstrapping Spring Data JPA repositories in DEFAULT mode.
2026-05-04T09:50:46.129+05:30  INFO 9388 --- [ConsentIQ] [main] .s.d.r.c.RepositoryConfigurationDelegate : Finished Spring Data repository scanning in 111 ms. Found 8 JPA repository interfaces.
2026-05-04T09:50:47.130+05:30  INFO 9388 --- [ConsentIQ] [main] o.s.b.w.embedded.tomcat.TomcatWebServer  : Tomcat initialized with port 8086 (http)
2026-05-04T09:50:47.147+05:30  INFO 9388 --- [ConsentIQ] [main] o.apache.catalina.core.StandardService   : Starting service [Tomcat]
2026-05-04T09:50:47.148+05:30  INFO 9388 --- [ConsentIQ] [main] o.apache.catalina.core.StandardEngine    : Starting Servlet engine: [Apache Tomcat/10.1.20]
2026-05-04T09:50:47.243+05:30  INFO 9388 --- [ConsentIQ] [main] o.a.c.c.C.[Tomcat].[localhost].[/]       : Initializing Spring embedded WebApplicationContext
2026-05-04T09:50:47.243+05:30  INFO 9388 --- [ConsentIQ] [main] w.s.c.ServletWebServerApplicationContext : Root WebApplicationContext: initialization completed in 2588 ms
2026-05-04T09:50:47.627+05:30  INFO 9388 --- [ConsentIQ] [main] o.hibernate.jpa.internal.util.LogHelper  : HHH000204: Processing PersistenceUnitInfo [name: default]
2026-05-04T09:50:47.722+05:30  INFO 9388 --- [ConsentIQ] [main] org.hibernate.Version                    : HHH000412: Hibernate ORM core version 6.4.4.Final
2026-05-04T09:50:47.772+05:30  INFO 9388 --- [ConsentIQ] [main] o.h.c.internal.RegionFactoryInitiator    : HHH000026: Second-level cache disabled
2026-05-04T09:50:48.082+05:30  INFO 9388 --- [ConsentIQ] [main] o.s.o.j.p.SpringPersistenceUnitInfo      : No LoadTimeWeaver setup: ignoring JPA class transformer
2026-05-04T09:50:48.120+05:30  INFO 9388 --- [ConsentIQ] [main] com.zaxxer.hikari.HikariDataSource       : HikariPool-1 - Starting...
2026-05-04T09:50:48.313+05:30  INFO 9388 --- [ConsentIQ] [main] com.zaxxer.hikari.pool.HikariPool        : HikariPool-1 - Added connection com.mysql.cj.jdbc.ConnectionImpl@51f4439e
2026-05-04T09:50:48.316+05:30  INFO 9388 --- [ConsentIQ] [main] com.zaxxer.hikari.HikariDataSource       : HikariPool-1 - Start completed.
2026-05-04T09:50:48.390+05:30  WARN 9388 --- [ConsentIQ] [main] org.hibernate.orm.deprecation            : HHH90000025: MySQLDialect does not need to be specified explicitly using 'hibernate.dialect' (remove the property setting and it will be selected by default)
2026-05-04T09:50:49.750+05:30  INFO 9388 --- [ConsentIQ] [main] o.h.e.t.j.p.i.JtaPlatformInitiator       : HHH000489: No JTA platform available (set 'hibernate.transaction.jta.platform' to enable JTA platform integration)
2026-05-04T09:50:49.868+05:30  INFO 9388 --- [ConsentIQ] [main] j.LocalContainerEntityManagerFactoryBean : Initialized JPA EntityManagerFactory for persistence unit 'default'
2026-05-04T09:50:50.271+05:30  INFO 9388 --- [ConsentIQ] [main] o.s.d.j.r.query.QueryEnhancerFactory     : Hibernate is in classpath; If applicable, HQL parser will be used.
2026-05-04T09:50:50.998+05:30 DEBUG 9388 --- [ConsentIQ] [main] com.consentiq.security.JwtAuthFilter     : Filter 'jwtAuthFilter' configured for use
2026-05-04T09:50:50.998+05:30 DEBUG 9388 --- [ConsentIQ] [main] com.consentiq.filter.MdcLoggingFilter    : Filter 'mdcLoggingFilterRegistration' configured for use
2026-05-04T09:50:51.596+05:30 DEBUG 9388 --- [ConsentIQ] [main] org.hibernate.SQL                        : 
    SELECT
        MAX(CAST(SUBSTRING(consent_id, 10, 4) AS UNSIGNED)) 
    FROM
        consents 
    WHERE
        consent_id LIKE CONCAT('CNS-', ?, '-%')
2026-05-04T09:50:51.632+05:30 DEBUG 9388 --- [ConsentIQ] [main] c.c.service.ConsentIdGeneratorService    : ConsentIdGenerator initialized for year 2026 with max sequence 83
2026-05-04T09:50:51.762+05:30  WARN 9388 --- [ConsentIQ] [main] JpaBaseConfiguration$JpaWebConfiguration : spring.jpa.open-in-view is enabled by default. Therefore, database queries may be performed during view rendering. Explicitly configure spring.jpa.open-in-view to disable this warning
2026-05-04T09:50:52.320+05:30  INFO 9388 --- [ConsentIQ] [main] o.s.b.a.e.web.EndpointLinksResolver      : Exposing 1 endpoint(s) beneath base path '/actuator'
2026-05-04T09:50:52.433+05:30  INFO 9388 --- [ConsentIQ] [main] o.s.s.web.DefaultSecurityFilterChain     : Will secure any request with [org.springframework.security.web.session.DisableEncodeUrlFilter@341b1597, org.springframework.security.web.context.request.async.WebAsyncManagerIntegrationFilter@1ac7ec0e, org.springframework.security.web.context.SecurityContextHolderFilter@9111d0a, org.springframework.security.web.header.HeaderWriterFilter@6c525ee2, org.springframework.web.filter.CorsFilter@4918f4ad, org.springframework.security.web.authentication.logout.LogoutFilter@86a4b9b, com.consentiq.security.JwtAuthFilter@6eb49e78, org.springframework.security.web.savedrequest.RequestCacheAwareFilter@620f99dd, org.springframework.security.web.servletapi.SecurityContextHolderAwareRequestFilter@6c6cde22, org.springframework.security.web.authentication.AnonymousAuthenticationFilter@263121b, org.springframework.security.web.session.SessionManagementFilter@177c2091, org.springframework.security.web.access.ExceptionTranslationFilter@4edea211, org.springframework.security.web.access.intercept.AuthorizationFilter@3ae14048]
2026-05-04T09:50:53.019+05:30  INFO 9388 --- [ConsentIQ] [main] o.s.b.w.embedded.tomcat.TomcatWebServer  : Tomcat started on port 8086 (http) with context path ''
2026-05-04T09:50:53.037+05:30  INFO 9388 --- [ConsentIQ] [main] com.consentiq.ConsentIqApplication       : Started ConsentIqApplication in 9.01 seconds (process running for 9.86)
2026-05-04T09:50:53.099+05:30 DEBUG 9388 --- [ConsentIQ] [main] org.hibernate.SQL                        : 
    select
        count(*) 
    from
        users u1_0
2026-05-04T09:50:53.101+05:30  INFO 9388 --- [ConsentIQ] [main] com.consentiq.seed.DataInitializer       : Database already seeded, skipping user/consent seed
2026-05-04T09:50:53.103+05:30 DEBUG 9388 --- [ConsentIQ] [main] org.hibernate.SQL                        : 
    select
        count(*) 
    from
        customers c1_0
2026-05-04T09:50:53.960+05:30  INFO 9388 --- [ConsentIQ] [RMI TCP Connection(10)-127.0.0.1] o.a.c.c.C.[Tomcat].[localhost].[/]       : Initializing Spring DispatcherServlet 'dispatcherServlet'
2026-05-04T09:50:53.961+05:30  INFO 9388 --- [ConsentIQ] [RMI TCP Connection(10)-127.0.0.1] o.s.web.servlet.DispatcherServlet        : Initializing Servlet 'dispatcherServlet'
2026-05-04T09:50:53.963+05:30  INFO 9388 --- [ConsentIQ] [RMI TCP Connection(10)-127.0.0.1] o.s.web.servlet.DispatcherServlet        : Completed initialization in 2 ms
2026-05-04T09:51:54.310+05:30 DEBUG 9388 --- [ConsentIQ] [http-nio-8086-exec-1] com.consentiq.filter.MdcLoggingFilter    : → OPTIONS /api/auth/login | User: anonymous | ReqId: 15eeafb2-5014-4fff-88a4-b253839dafff
2026-05-04T09:51:54.383+05:30 DEBUG 9388 --- [ConsentIQ] [http-nio-8086-exec-1] com.consentiq.filter.MdcLoggingFilter    : ← OPTIONS /api/auth/login | Status: 200 | Time: 73ms
2026-05-04T09:51:54.391+05:30 DEBUG 9388 --- [ConsentIQ] [http-nio-8086-exec-3] com.consentiq.filter.MdcLoggingFilter    : → POST /api/auth/login | User: anonymous | ReqId: e29196c0-5adf-4f6b-a0a3-6d4ec1c9e8fe
2026-05-04T09:51:54.543+05:30  INFO 9388 --- [ConsentIQ] [http-nio-8086-exec-3] c.consentiq.controller.AuthController    : login | email=mustafaabhagat5252@example.com
2026-05-04T09:51:54.746+05:30 DEBUG 9388 --- [ConsentIQ] [http-nio-8086-exec-3] org.hibernate.SQL                        : 
    select
        u1_0.id,
        u1_0.is_active,
        u1_0.created_at,
        u1_0.email,
        u1_0.full_name,
        u1_0.password,
        u1_0.role,
        u1_0.updated_at 
    from
        users u1_0 
    where
        u1_0.email=?
2026-05-04T09:51:54.903+05:30  WARN 9388 --- [ConsentIQ] [http-nio-8086-exec-3] c.c.exception.GlobalExceptionHandler     : Bad credentials | method=POST | uri=/api/auth/login | errorCode=INVALID_CREDENTIALS | message=Bad credentials
2026-05-04T09:51:54.937+05:30 DEBUG 9388 --- [ConsentIQ] [http-nio-8086-exec-3] com.consentiq.filter.MdcLoggingFilter    : ← POST /api/auth/login | Status: 401 | Time: 546ms
2026-05-04T09:52:00.423+05:30 DEBUG 9388 --- [ConsentIQ] [http-nio-8086-exec-4] com.consentiq.filter.MdcLoggingFilter    : → POST /api/auth/login | User: anonymous | ReqId: a715500d-2d11-41fd-9730-bfd18b2986c7
2026-05-04T09:52:00.428+05:30  INFO 9388 --- [ConsentIQ] [http-nio-8086-exec-4] c.consentiq.controller.AuthController    : login | email=admin@consentiq.com
2026-05-04T09:52:00.436+05:30 DEBUG 9388 --- [ConsentIQ] [http-nio-8086-exec-4] org.hibernate.SQL                        : 
    select
        u1_0.id,
        u1_0.is_active,
        u1_0.created_at,
        u1_0.email,
        u1_0.full_name,
        u1_0.password,
        u1_0.role,
        u1_0.updated_at 
    from
        users u1_0 
    where
        u1_0.email=?
2026-05-04T09:52:00.618+05:30  INFO 9388 --- [ConsentIQ] [http-nio-8086-exec-4] com.consentiq.service.AuthService        : Login successful | email=admin@consentiq.com role=ADMIN
2026-05-04T09:52:00.638+05:30 DEBUG 9388 --- [ConsentIQ] [http-nio-8086-exec-4] com.consentiq.filter.MdcLoggingFilter    : ← POST /api/auth/login | Status: 200 | Time: 215ms
2026-05-04T09:52:01.167+05:30 DEBUG 9388 --- [ConsentIQ] [http-nio-8086-exec-2] com.consentiq.filter.MdcLoggingFilter    : → OPTIONS /api/admin/dashboard/mis | User: anonymous | ReqId: 44d93ec8-3772-48a4-8b9d-be3d070a940c
2026-05-04T09:52:01.168+05:30 DEBUG 9388 --- [ConsentIQ] [http-nio-8086-exec-5] com.consentiq.filter.MdcLoggingFilter    : → OPTIONS /api/admin/customers | User: anonymous | ReqId: 38518cd8-2f96-4bfb-84f4-d68bc55e7631
2026-05-04T09:52:01.172+05:30 DEBUG 9388 --- [ConsentIQ] [http-nio-8086-exec-2] com.consentiq.filter.MdcLoggingFilter    : ← OPTIONS /api/admin/dashboard/mis | Status: 200 | Time: 5ms
2026-05-04T09:52:01.173+05:30 DEBUG 9388 --- [ConsentIQ] [http-nio-8086-exec-5] com.consentiq.filter.MdcLoggingFilter    : ← OPTIONS /api/admin/customers | Status: 200 | Time: 5ms
2026-05-04T09:52:01.202+05:30 DEBUG 9388 --- [ConsentIQ] [http-nio-8086-exec-7] com.consentiq.filter.MdcLoggingFilter    : → GET /api/admin/customers | User: 1 | ReqId: 3fd1f389-00ce-437e-a2c8-830dde63559a
2026-05-04T09:52:01.202+05:30 DEBUG 9388 --- [ConsentIQ] [http-nio-8086-exec-6] com.consentiq.filter.MdcLoggingFilter    : → GET /api/admin/dashboard/mis | User: 1 | ReqId: 4cfb3cd4-10fe-4dbf-af6a-66d6fbfaad1b
2026-05-04T09:52:01.214+05:30 DEBUG 9388 --- [ConsentIQ] [http-nio-8086-exec-6] org.hibernate.SQL                        : 
    select
        u1_0.id,
        u1_0.is_active,
        u1_0.created_at,
        u1_0.email,
        u1_0.full_name,
        u1_0.password,
        u1_0.role,
        u1_0.updated_at 
    from
        users u1_0 
    where
        u1_0.email=?
2026-05-04T09:52:01.214+05:30 DEBUG 9388 --- [ConsentIQ] [http-nio-8086-exec-7] org.hibernate.SQL                        : 
    select
        u1_0.id,
        u1_0.is_active,
        u1_0.created_at,
        u1_0.email,
        u1_0.full_name,
        u1_0.password,
        u1_0.role,
        u1_0.updated_at 
    from
        users u1_0 
    where
        u1_0.email=?
2026-05-04T09:52:01.217+05:30 DEBUG 9388 --- [ConsentIQ] [http-nio-8086-exec-7] com.consentiq.security.JwtAuthFilter     : JWT authentication successful for user admin@consentiq.com
2026-05-04T09:52:01.217+05:30 DEBUG 9388 --- [ConsentIQ] [http-nio-8086-exec-6] com.consentiq.security.JwtAuthFilter     : JWT authentication successful for user admin@consentiq.com
2026-05-04T09:52:01.275+05:30 DEBUG 9388 --- [ConsentIQ] [http-nio-8086-exec-6] org.hibernate.SQL                        : 
    select
        count(*) 
    from
        customers c1_0
2026-05-04T09:52:01.279+05:30 DEBUG 9388 --- [ConsentIQ] [http-nio-8086-exec-6] org.hibernate.SQL                        : 
    select
        count(c1_0.id) 
    from
        customers c1_0 
    where
        c1_0.consent_status=?
2026-05-04T09:52:01.284+05:30 DEBUG 9388 --- [ConsentIQ] [http-nio-8086-exec-6] org.hibernate.SQL                        : 
    select
        count(c1_0.id) 
    from
        customers c1_0 
    where
        c1_0.consent_status=?
2026-05-04T09:52:01.288+05:30 DEBUG 9388 --- [ConsentIQ] [http-nio-8086-exec-6] org.hibernate.SQL                        : 
    select
        count(c1_0.id) 
    from
        customers c1_0 
    where
        c1_0.consent_status=?
2026-05-04T09:52:01.290+05:30 DEBUG 9388 --- [ConsentIQ] [http-nio-8086-exec-6] org.hibernate.SQL                        : 
    select
        count(c1_0.id) 
    from
        consents c1_0 
    where
        c1_0.status=?
2026-05-04T09:52:01.290+05:30 DEBUG 9388 --- [ConsentIQ] [http-nio-8086-exec-7] org.hibernate.SQL                        : 
    select
        c1_0.id,
        c1_0.consent_status,
        c1_0.customer_id,
        c1_0.email,
        c1_0.full_name,
        c1_0.mobile_number,
        c1_0.updated_at 
    from
        customers c1_0 
    where
        1=1 
    order by
        c1_0.updated_at desc 
    limit
        ?, ?
2026-05-04T09:52:01.304+05:30 DEBUG 9388 --- [ConsentIQ] [http-nio-8086-exec-6] org.hibernate.SQL                        : 
    select
        c1_0.id,
        c1_0.category,
        c1_0.consent_id,
        c1_0.consent_message,
        c1_0.consent_name,
        c1_0.created_at,
        c1_0.created_by,
        c1_0.delivery_channels,
        c1_0.description,
        c1_0.published_at,
        c1_0.rejection_reason,
        c1_0.reviewed_at,
        c1_0.reviewed_by,
        c1_0.revision_message,
        c1_0.search_tags,
        c1_0.status,
        c1_0.submitted_at,
        c1_0.tags_used,
        c1_0.type,
        c1_0.updated_at,
        c1_0.validity_end_date,
        c1_0.validity_period_days,
        c1_0.validity_start_date,
        c1_0.version 
    from
        consents c1_0 
    where
        c1_0.status in (?, ?) 
    order by
        c1_0.consent_name
2026-05-04T09:52:01.304+05:30 DEBUG 9388 --- [ConsentIQ] [http-nio-8086-exec-7] org.hibernate.SQL                        : 
    select
        count(c1_0.id) 
    from
        customers c1_0 
    where
        1=1
2026-05-04T09:52:01.325+05:30 DEBUG 9388 --- [ConsentIQ] [http-nio-8086-exec-7] com.consentiq.filter.MdcLoggingFilter    : ← GET /api/admin/customers | Status: 200 | Time: 123ms
2026-05-04T09:52:01.330+05:30 DEBUG 9388 --- [ConsentIQ] [http-nio-8086-exec-6] org.hibernate.SQL                        : 
    select
        count(al1_0.id) 
    from
        audit_logs al1_0 
    where
        al1_0.action=?
2026-05-04T09:52:01.335+05:30 DEBUG 9388 --- [ConsentIQ] [http-nio-8086-exec-6] org.hibernate.SQL                        : 
    select
        count(al1_0.id) 
    from
        audit_logs al1_0 
    where
        al1_0.action=?
2026-05-04T09:52:01.337+05:30 DEBUG 9388 --- [ConsentIQ] [http-nio-8086-exec-6] org.hibernate.SQL                        : 
    select
        count(al1_0.id) 
    from
        audit_logs al1_0 
    where
        al1_0.action=?
2026-05-04T09:52:01.341+05:30 DEBUG 9388 --- [ConsentIQ] [http-nio-8086-exec-6] org.hibernate.SQL                        : 
    select
        count(al1_0.id) 
    from
        audit_logs al1_0 
    where
        al1_0.action=?
2026-05-04T09:52:01.349+05:30 DEBUG 9388 --- [ConsentIQ] [http-nio-8086-exec-6] org.hibernate.SQL                        : 
    select
        c1_0.id,
        c1_0.category,
        c1_0.consent_id,
        c1_0.consent_message,
        c1_0.consent_name,
        c1_0.created_at,
        c1_0.created_by,
        c1_0.delivery_channels,
        c1_0.description,
        c1_0.published_at,
        c1_0.rejection_reason,
        c1_0.reviewed_at,
        c1_0.reviewed_by,
        c1_0.revision_message,
        c1_0.search_tags,
        c1_0.status,
        c1_0.submitted_at,
        c1_0.tags_used,
        c1_0.type,
        c1_0.updated_at,
        c1_0.validity_end_date,
        c1_0.validity_period_days,
        c1_0.validity_start_date,
        c1_0.version 
    from
        consents c1_0 
    where
        c1_0.reviewed_at is not null 
        and c1_0.submitted_at is not null
2026-05-04T09:52:01.374+05:30 DEBUG 9388 --- [ConsentIQ] [http-nio-8086-exec-6] com.consentiq.filter.MdcLoggingFilter    : ← GET /api/admin/dashboard/mis | Status: 200 | Time: 172ms
2026-05-04T09:52:12.028+05:30 DEBUG 9388 --- [ConsentIQ] [http-nio-8086-exec-8] com.consentiq.filter.MdcLoggingFilter    : → OPTIONS /api/admin/consent-templates | User: anonymous | ReqId: a2b667f7-8694-4826-99a3-4300092e0c49
2026-05-04T09:52:12.032+05:30 DEBUG 9388 --- [ConsentIQ] [http-nio-8086-exec-8] com.consentiq.filter.MdcLoggingFilter    : ← OPTIONS /api/admin/consent-templates | Status: 200 | Time: 4ms
2026-05-04T09:52:12.041+05:30 DEBUG 9388 --- [ConsentIQ] [http-nio-8086-exec-10] com.consentiq.filter.MdcLoggingFilter    : → GET /api/admin/consent-templates | User: 1 | ReqId: c242276a-2c1c-4db9-849e-85f0d6ea4fff
2026-05-04T09:52:12.051+05:30 DEBUG 9388 --- [ConsentIQ] [http-nio-8086-exec-10] org.hibernate.SQL                        : 
    select
        u1_0.id,
        u1_0.is_active,
        u1_0.created_at,
        u1_0.email,
        u1_0.full_name,
        u1_0.password,
        u1_0.role,
        u1_0.updated_at 
    from
        users u1_0 
    where
        u1_0.email=?
2026-05-04T09:52:12.055+05:30 DEBUG 9388 --- [ConsentIQ] [http-nio-8086-exec-10] com.consentiq.security.JwtAuthFilter     : JWT authentication successful for user admin@consentiq.com
2026-05-04T09:52:12.061+05:30 DEBUG 9388 --- [ConsentIQ] [http-nio-8086-exec-10] org.hibernate.SQL                        : 
    select
        c1_0.id,
        c1_0.category,
        c1_0.consent_id,
        c1_0.consent_message,
        c1_0.consent_name,
        c1_0.created_at,
        c1_0.created_by,
        c1_0.delivery_channels,
        c1_0.description,
        c1_0.published_at,
        c1_0.rejection_reason,
        c1_0.reviewed_at,
        c1_0.reviewed_by,
        c1_0.revision_message,
        c1_0.search_tags,
        c1_0.status,
        c1_0.submitted_at,
        c1_0.tags_used,
        c1_0.type,
        c1_0.updated_at,
        c1_0.validity_end_date,
        c1_0.validity_period_days,
        c1_0.validity_start_date,
        c1_0.version 
    from
        consents c1_0 
    where
        c1_0.status in (?, ?) 
    order by
        c1_0.consent_name
2026-05-04T09:52:12.072+05:30 DEBUG 9388 --- [ConsentIQ] [http-nio-8086-exec-10] com.consentiq.filter.MdcLoggingFilter    : ← GET /api/admin/consent-templates | Status: 200 | Time: 31ms
2026-05-04T09:52:13.951+05:30 DEBUG 9388 --- [ConsentIQ] [http-nio-8086-exec-9] com.consentiq.filter.MdcLoggingFilter    : → OPTIONS /api/admin/users | User: anonymous | ReqId: 2908b8f9-50d0-4613-9b2c-153077ccd655
2026-05-04T09:52:13.954+05:30 DEBUG 9388 --- [ConsentIQ] [http-nio-8086-exec-9] com.consentiq.filter.MdcLoggingFilter    : ← OPTIONS /api/admin/users | Status: 200 | Time: 3ms
2026-05-04T09:52:13.961+05:30 DEBUG 9388 --- [ConsentIQ] [http-nio-8086-exec-1] com.consentiq.filter.MdcLoggingFilter    : → GET /api/admin/users | User: 1 | ReqId: 29dd59da-dd62-4504-b710-d98f8fb59d01
2026-05-04T09:52:13.972+05:30 DEBUG 9388 --- [ConsentIQ] [http-nio-8086-exec-1] org.hibernate.SQL                        : 
    select
        u1_0.id,
        u1_0.is_active,
        u1_0.created_at,
        u1_0.email,
        u1_0.full_name,
        u1_0.password,
        u1_0.role,
        u1_0.updated_at 
    from
        users u1_0 
    where
        u1_0.email=?
2026-05-04T09:52:13.974+05:30 DEBUG 9388 --- [ConsentIQ] [http-nio-8086-exec-1] com.consentiq.security.JwtAuthFilter     : JWT authentication successful for user admin@consentiq.com
2026-05-04T09:52:13.994+05:30 DEBUG 9388 --- [ConsentIQ] [http-nio-8086-exec-1] org.hibernate.SQL                        : 
    select
        u1_0.id,
        u1_0.is_active,
        u1_0.created_at,
        u1_0.email,
        u1_0.full_name,
        u1_0.password,
        u1_0.role,
        u1_0.updated_at 
    from
        users u1_0 
    where
        (
            ? is null 
            or u1_0.role=?
        ) 
        and (
            ? is null 
            or u1_0.is_active=?
        ) 
        and (
            ? is null 
            or lower(u1_0.full_name) like lower(concat('%', ?, '%')) escape '' 
            or lower(u1_0.email) like lower(concat('%', ?, '%')) escape ''
        ) 
    order by
        u1_0.created_at desc 
    limit
        ?, ?
2026-05-04T09:52:14.006+05:30 DEBUG 9388 --- [ConsentIQ] [http-nio-8086-exec-1] com.consentiq.filter.MdcLoggingFilter    : ← GET /api/admin/users | Status: 200 | Time: 45ms
2026-05-04T10:11:43.764+05:30  WARN 9388 --- [ConsentIQ] [HikariPool-1 housekeeper] com.zaxxer.hikari.pool.HikariPool        : HikariPool-1 - Thread starvation or clock leap detected (housekeeper delta=10m22s39ms772µs200ns).
2026-05-04T10:11:55.853+05:30 DEBUG 9388 --- [ConsentIQ] [http-nio-8086-exec-2] com.consentiq.filter.MdcLoggingFilter    : → GET /api/admin/users | User: 1 | ReqId: 1682c6ca-6231-4cdb-825a-542bf45445ec
2026-05-04T10:11:55.867+05:30 DEBUG 9388 --- [ConsentIQ] [http-nio-8086-exec-2] org.hibernate.SQL                        : 
    select
        u1_0.id,
        u1_0.is_active,
        u1_0.created_at,
        u1_0.email,
        u1_0.full_name,
        u1_0.password,
        u1_0.role,
        u1_0.updated_at 
    from
        users u1_0 
    where
        u1_0.email=?
2026-05-04T10:11:55.872+05:30 DEBUG 9388 --- [ConsentIQ] [http-nio-8086-exec-2] com.consentiq.security.JwtAuthFilter     : JWT authentication successful for user admin@consentiq.com
2026-05-04T10:11:55.879+05:30 DEBUG 9388 --- [ConsentIQ] [http-nio-8086-exec-2] org.hibernate.SQL                        : 
    select
        u1_0.id,
        u1_0.is_active,
        u1_0.created_at,
        u1_0.email,
        u1_0.full_name,
        u1_0.password,
        u1_0.role,
        u1_0.updated_at 
    from
        users u1_0 
    where
        (
            ? is null 
            or u1_0.role=?
        ) 
        and (
            ? is null 
            or u1_0.is_active=?
        ) 
        and (
            ? is null 
            or lower(u1_0.full_name) like lower(concat('%', ?, '%')) escape '' 
            or lower(u1_0.email) like lower(concat('%', ?, '%')) escape ''
        ) 
    order by
        u1_0.created_at desc 
    limit
        ?, ?
2026-05-04T10:11:55.887+05:30 DEBUG 9388 --- [ConsentIQ] [http-nio-8086-exec-2] com.consentiq.filter.MdcLoggingFilter    : ← GET /api/admin/users | Status: 200 | Time: 34ms
2026-05-04T10:15:06.284+05:30 DEBUG 9388 --- [ConsentIQ] [http-nio-8086-exec-7] com.consentiq.filter.MdcLoggingFilter    : → GET /api/admin/users | User: 1 | ReqId: 1345e056-fcaf-4237-8957-91bbc31e80de
2026-05-04T10:15:06.292+05:30 DEBUG 9388 --- [ConsentIQ] [http-nio-8086-exec-7] org.hibernate.SQL                        : 
    select
        u1_0.id,
        u1_0.is_active,
        u1_0.created_at,
        u1_0.email,
        u1_0.full_name,
        u1_0.password,
        u1_0.role,
        u1_0.updated_at 
    from
        users u1_0 
    where
        u1_0.email=?
2026-05-04T10:15:06.295+05:30 DEBUG 9388 --- [ConsentIQ] [http-nio-8086-exec-7] com.consentiq.security.JwtAuthFilter     : JWT authentication successful for user admin@consentiq.com
2026-05-04T10:15:06.303+05:30 DEBUG 9388 --- [ConsentIQ] [http-nio-8086-exec-7] org.hibernate.SQL                        : 
    select
        u1_0.id,
        u1_0.is_active,
        u1_0.created_at,
        u1_0.email,
        u1_0.full_name,
        u1_0.password,
        u1_0.role,
        u1_0.updated_at 
    from
        users u1_0 
    where
        (
            ? is null 
            or u1_0.role=?
        ) 
        and (
            ? is null 
            or u1_0.is_active=?
        ) 
        and (
            ? is null 
            or lower(u1_0.full_name) like lower(concat('%', ?, '%')) escape '' 
            or lower(u1_0.email) like lower(concat('%', ?, '%')) escape ''
        ) 
    order by
        u1_0.created_at desc 
    limit
        ?, ?
2026-05-04T10:15:06.305+05:30 DEBUG 9388 --- [ConsentIQ] [http-nio-8086-exec-7] com.consentiq.filter.MdcLoggingFilter    : ← GET /api/admin/users | Status: 200 | Time: 21ms
2026-05-04T10:15:08.864+05:30 DEBUG 9388 --- [ConsentIQ] [http-nio-8086-exec-6] com.consentiq.filter.MdcLoggingFilter    : → GET /api/admin/users | User: 1 | ReqId: 9f8b9c01-936a-40d2-8fe5-a262f9b90aab
2026-05-04T10:15:08.874+05:30 DEBUG 9388 --- [ConsentIQ] [http-nio-8086-exec-6] org.hibernate.SQL                        : 
    select
        u1_0.id,
        u1_0.is_active,
        u1_0.created_at,
        u1_0.email,
        u1_0.full_name,
        u1_0.password,
        u1_0.role,
        u1_0.updated_at 
    from
        users u1_0 
    where
        u1_0.email=?
2026-05-04T10:15:08.876+05:30 DEBUG 9388 --- [ConsentIQ] [http-nio-8086-exec-6] com.consentiq.security.JwtAuthFilter     : JWT authentication successful for user admin@consentiq.com
2026-05-04T10:15:08.878+05:30 DEBUG 9388 --- [ConsentIQ] [http-nio-8086-exec-6] org.hibernate.SQL                        : 
    select
        u1_0.id,
        u1_0.is_active,
        u1_0.created_at,
        u1_0.email,
        u1_0.full_name,
        u1_0.password,
        u1_0.role,
        u1_0.updated_at 
    from
        users u1_0 
    where
        (
            ? is null 
            or u1_0.role=?
        ) 
        and (
            ? is null 
            or u1_0.is_active=?
        ) 
        and (
            ? is null 
            or lower(u1_0.full_name) like lower(concat('%', ?, '%')) escape '' 
            or lower(u1_0.email) like lower(concat('%', ?, '%')) escape ''
        ) 
    order by
        u1_0.created_at desc 
    limit
        ?, ?
2026-05-04T10:15:08.891+05:30 DEBUG 9388 --- [ConsentIQ] [http-nio-8086-exec-6] com.consentiq.filter.MdcLoggingFilter    : ← GET /api/admin/users | Status: 200 | Time: 27ms
2026-05-04T10:15:12.956+05:30 DEBUG 9388 --- [ConsentIQ] [http-nio-8086-exec-8] com.consentiq.filter.MdcLoggingFilter    : → GET /api/admin/users | User: 1 | ReqId: b9d65a2f-d75b-43ea-bc67-954dda6efb02
2026-05-04T10:15:12.963+05:30 DEBUG 9388 --- [ConsentIQ] [http-nio-8086-exec-8] org.hibernate.SQL                        : 
    select
        u1_0.id,
        u1_0.is_active,
        u1_0.created_at,
        u1_0.email,
        u1_0.full_name,
        u1_0.password,
        u1_0.role,
        u1_0.updated_at 
    from
        users u1_0 
    where
        u1_0.email=?
2026-05-04T10:15:12.969+05:30 DEBUG 9388 --- [ConsentIQ] [http-nio-8086-exec-8] com.consentiq.security.JwtAuthFilter     : JWT authentication successful for user admin@consentiq.com
2026-05-04T10:15:12.971+05:30 DEBUG 9388 --- [ConsentIQ] [http-nio-8086-exec-8] org.hibernate.SQL                        : 
    select
        u1_0.id,
        u1_0.is_active,
        u1_0.created_at,
        u1_0.email,
        u1_0.full_name,
        u1_0.password,
        u1_0.role,
        u1_0.updated_at 
    from
        users u1_0 
    where
        (
            ? is null 
            or u1_0.role=?
        ) 
        and (
            ? is null 
            or u1_0.is_active=?
        ) 
        and (
            ? is null 
            or lower(u1_0.full_name) like lower(concat('%', ?, '%')) escape '' 
            or lower(u1_0.email) like lower(concat('%', ?, '%')) escape ''
        ) 
    order by
        u1_0.created_at desc 
    limit
        ?, ?
2026-05-04T10:15:12.980+05:30 DEBUG 9388 --- [ConsentIQ] [http-nio-8086-exec-8] com.consentiq.filter.MdcLoggingFilter    : ← GET /api/admin/users | Status: 200 | Time: 24ms
2026-05-04T10:15:31.835+05:30 DEBUG 9388 --- [ConsentIQ] [http-nio-8086-exec-10] com.consentiq.filter.MdcLoggingFilter    : → GET /api/admin/users | User: 1 | ReqId: 5c296ee6-5bd9-48ed-a955-b01e97af985f
2026-05-04T10:15:31.843+05:30 DEBUG 9388 --- [ConsentIQ] [http-nio-8086-exec-10] org.hibernate.SQL                        : 
    select
        u1_0.id,
        u1_0.is_active,
        u1_0.created_at,
        u1_0.email,
        u1_0.full_name,
        u1_0.password,
        u1_0.role,
        u1_0.updated_at 
    from
        users u1_0 
    where
        u1_0.email=?
2026-05-04T10:15:31.843+05:30 DEBUG 9388 --- [ConsentIQ] [http-nio-8086-exec-10] com.consentiq.security.JwtAuthFilter     : JWT authentication successful for user admin@consentiq.com
2026-05-04T10:15:31.851+05:30 DEBUG 9388 --- [ConsentIQ] [http-nio-8086-exec-10] org.hibernate.SQL                        : 
    select
        u1_0.id,
        u1_0.is_active,
        u1_0.created_at,
        u1_0.email,
        u1_0.full_name,
        u1_0.password,
        u1_0.role,
        u1_0.updated_at 
    from
        users u1_0 
    where
        (
            ? is null 
            or u1_0.role=?
        ) 
        and (
            ? is null 
            or u1_0.is_active=?
        ) 
        and (
            ? is null 
            or lower(u1_0.full_name) like lower(concat('%', ?, '%')) escape '' 
            or lower(u1_0.email) like lower(concat('%', ?, '%')) escape ''
        ) 
    order by
        u1_0.created_at desc 
    limit
        ?, ?
2026-05-04T10:15:31.859+05:30 DEBUG 9388 --- [ConsentIQ] [http-nio-8086-exec-10] com.consentiq.filter.MdcLoggingFilter    : ← GET /api/admin/users | Status: 200 | Time: 24ms
2026-05-04T10:16:01.004+05:30 DEBUG 9388 --- [ConsentIQ] [http-nio-8086-exec-9] com.consentiq.filter.MdcLoggingFilter    : → GET /api/admin/users | User: 1 | ReqId: 53ede7d7-475e-47cc-a33c-d9b7a5bc2eb9
2026-05-04T10:16:01.013+05:30 DEBUG 9388 --- [ConsentIQ] [http-nio-8086-exec-9] org.hibernate.SQL                        : 
    select
        u1_0.id,
        u1_0.is_active,
        u1_0.created_at,
        u1_0.email,
        u1_0.full_name,
        u1_0.password,
        u1_0.role,
        u1_0.updated_at 
    from
        users u1_0 
    where
        u1_0.email=?
2026-05-04T10:16:01.017+05:30 DEBUG 9388 --- [ConsentIQ] [http-nio-8086-exec-9] com.consentiq.security.JwtAuthFilter     : JWT authentication successful for user admin@consentiq.com
2026-05-04T10:16:01.019+05:30 DEBUG 9388 --- [ConsentIQ] [http-nio-8086-exec-9] org.hibernate.SQL                        : 
    select
        u1_0.id,
        u1_0.is_active,
        u1_0.created_at,
        u1_0.email,
        u1_0.full_name,
        u1_0.password,
        u1_0.role,
        u1_0.updated_at 
    from
        users u1_0 
    where
        (
            ? is null 
            or u1_0.role=?
        ) 
        and (
            ? is null 
            or u1_0.is_active=?
        ) 
        and (
            ? is null 
            or lower(u1_0.full_name) like lower(concat('%', ?, '%')) escape '' 
            or lower(u1_0.email) like lower(concat('%', ?, '%')) escape ''
        ) 
    order by
        u1_0.created_at desc 
    limit
        ?, ?
2026-05-04T10:16:01.028+05:30 DEBUG 9388 --- [ConsentIQ] [http-nio-8086-exec-9] com.consentiq.filter.MdcLoggingFilter    : ← GET /api/admin/users | Status: 200 | Time: 24ms
2026-05-04T10:16:01.759+05:30 DEBUG 9388 --- [ConsentIQ] [http-nio-8086-exec-1] com.consentiq.filter.MdcLoggingFilter    : → GET /api/admin/users | User: 1 | ReqId: 98448457-3f73-41b9-a047-1aee339a11c2
2026-05-04T10:16:01.770+05:30 DEBUG 9388 --- [ConsentIQ] [http-nio-8086-exec-1] org.hibernate.SQL                        : 
    select
        u1_0.id,
        u1_0.is_active,
        u1_0.created_at,
        u1_0.email,
        u1_0.full_name,
        u1_0.password,
        u1_0.role,
        u1_0.updated_at 
    from
        users u1_0 
    where
        u1_0.email=?
2026-05-04T10:16:01.770+05:30 DEBUG 9388 --- [ConsentIQ] [http-nio-8086-exec-1] com.consentiq.security.JwtAuthFilter     : JWT authentication successful for user admin@consentiq.com
2026-05-04T10:16:01.770+05:30 DEBUG 9388 --- [ConsentIQ] [http-nio-8086-exec-1] org.hibernate.SQL                        : 
    select
        u1_0.id,
        u1_0.is_active,
        u1_0.created_at,
        u1_0.email,
        u1_0.full_name,
        u1_0.password,
        u1_0.role,
        u1_0.updated_at 
    from
        users u1_0 
    where
        (
            ? is null 
            or u1_0.role=?
        ) 
        and (
            ? is null 
            or u1_0.is_active=?
        ) 
        and (
            ? is null 
            or lower(u1_0.full_name) like lower(concat('%', ?, '%')) escape '' 
            or lower(u1_0.email) like lower(concat('%', ?, '%')) escape ''
        ) 
    order by
        u1_0.created_at desc 
    limit
        ?, ?
2026-05-04T10:16:01.781+05:30 DEBUG 9388 --- [ConsentIQ] [http-nio-8086-exec-1] com.consentiq.filter.MdcLoggingFilter    : ← GET /api/admin/users | Status: 200 | Time: 22ms
2026-05-04T10:16:02.039+05:30 DEBUG 9388 --- [ConsentIQ] [http-nio-8086-exec-3] com.consentiq.filter.MdcLoggingFilter    : → GET /api/admin/users | User: 1 | ReqId: df614fa4-dd2f-4825-9191-c003d571720c
2026-05-04T10:16:02.048+05:30 DEBUG 9388 --- [ConsentIQ] [http-nio-8086-exec-3] org.hibernate.SQL                        : 
    select
        u1_0.id,
        u1_0.is_active,
        u1_0.created_at,
        u1_0.email,
        u1_0.full_name,
        u1_0.password,
        u1_0.role,
        u1_0.updated_at 
    from
        users u1_0 
    where
        u1_0.email=?
2026-05-04T10:16:02.050+05:30 DEBUG 9388 --- [ConsentIQ] [http-nio-8086-exec-3] com.consentiq.security.JwtAuthFilter     : JWT authentication successful for user admin@consentiq.com
2026-05-04T10:16:02.053+05:30 DEBUG 9388 --- [ConsentIQ] [http-nio-8086-exec-3] org.hibernate.SQL                        : 
    select
        u1_0.id,
        u1_0.is_active,
        u1_0.created_at,
        u1_0.email,
        u1_0.full_name,
        u1_0.password,
        u1_0.role,
        u1_0.updated_at 
    from
        users u1_0 
    where
        (
            ? is null 
            or u1_0.role=?
        ) 
        and (
            ? is null 
            or u1_0.is_active=?
        ) 
        and (
            ? is null 
            or lower(u1_0.full_name) like lower(concat('%', ?, '%')) escape '' 
            or lower(u1_0.email) like lower(concat('%', ?, '%')) escape ''
        ) 
    order by
        u1_0.created_at desc 
    limit
        ?, ?
2026-05-04T10:16:02.062+05:30 DEBUG 9388 --- [ConsentIQ] [http-nio-8086-exec-3] com.consentiq.filter.MdcLoggingFilter    : ← GET /api/admin/users | Status: 200 | Time: 23ms
2026-05-04T10:16:45.813+05:30 DEBUG 9388 --- [ConsentIQ] [http-nio-8086-exec-4] com.consentiq.filter.MdcLoggingFilter    : → GET /api/admin/users | User: 1 | ReqId: 37f97114-c07a-4752-ada0-12770fbd8d3a
2026-05-04T10:16:45.822+05:30 DEBUG 9388 --- [ConsentIQ] [http-nio-8086-exec-4] org.hibernate.SQL                        : 
    select
        u1_0.id,
        u1_0.is_active,
        u1_0.created_at,
        u1_0.email,
        u1_0.full_name,
        u1_0.password,
        u1_0.role,
        u1_0.updated_at 
    from
        users u1_0 
    where
        u1_0.email=?
2026-05-04T10:16:45.824+05:30 DEBUG 9388 --- [ConsentIQ] [http-nio-8086-exec-4] com.consentiq.security.JwtAuthFilter     : JWT authentication successful for user admin@consentiq.com
2026-05-04T10:16:45.828+05:30 DEBUG 9388 --- [ConsentIQ] [http-nio-8086-exec-4] org.hibernate.SQL                        : 
    select
        u1_0.id,
        u1_0.is_active,
        u1_0.created_at,
        u1_0.email,
        u1_0.full_name,
        u1_0.password,
        u1_0.role,
        u1_0.updated_at 
    from
        users u1_0 
    where
        (
            ? is null 
            or u1_0.role=?
        ) 
        and (
            ? is null 
            or u1_0.is_active=?
        ) 
        and (
            ? is null 
            or lower(u1_0.full_name) like lower(concat('%', ?, '%')) escape '' 
            or lower(u1_0.email) like lower(concat('%', ?, '%')) escape ''
        ) 
    order by
        u1_0.created_at desc 
    limit
        ?, ?
2026-05-04T10:16:45.837+05:30 DEBUG 9388 --- [ConsentIQ] [http-nio-8086-exec-4] com.consentiq.filter.MdcLoggingFilter    : ← GET /api/admin/users | Status: 200 | Time: 24ms
2026-05-04T10:17:20.489+05:30 DEBUG 9388 --- [ConsentIQ] [http-nio-8086-exec-2] com.consentiq.filter.MdcLoggingFilter    : → GET /api/admin/users | User: 1 | ReqId: 1e940299-7fa1-4bfe-accf-19a2fff44743
2026-05-04T10:17:20.499+05:30 DEBUG 9388 --- [ConsentIQ] [http-nio-8086-exec-2] org.hibernate.SQL                        : 
    select
        u1_0.id,
        u1_0.is_active,
        u1_0.created_at,
        u1_0.email,
        u1_0.full_name,
        u1_0.password,
        u1_0.role,
        u1_0.updated_at 
    from
        users u1_0 
    where
        u1_0.email=?
2026-05-04T10:17:20.503+05:30 DEBUG 9388 --- [ConsentIQ] [http-nio-8086-exec-2] com.consentiq.security.JwtAuthFilter     : JWT authentication successful for user admin@consentiq.com
2026-05-04T10:17:20.505+05:30 DEBUG 9388 --- [ConsentIQ] [http-nio-8086-exec-2] org.hibernate.SQL                        : 
    select
        u1_0.id,
        u1_0.is_active,
        u1_0.created_at,
        u1_0.email,
        u1_0.full_name,
        u1_0.password,
        u1_0.role,
        u1_0.updated_at 
    from
        users u1_0 
    where
        (
            ? is null 
            or u1_0.role=?
        ) 
        and (
            ? is null 
            or u1_0.is_active=?
        ) 
        and (
            ? is null 
            or lower(u1_0.full_name) like lower(concat('%', ?, '%')) escape '' 
            or lower(u1_0.email) like lower(concat('%', ?, '%')) escape ''
        ) 
    order by
        u1_0.created_at desc 
    limit
        ?, ?
2026-05-04T10:17:20.509+05:30 DEBUG 9388 --- [ConsentIQ] [http-nio-8086-exec-2] com.consentiq.filter.MdcLoggingFilter    : ← GET /api/admin/users | Status: 200 | Time: 20ms
2026-05-04T10:17:47.175+05:30 DEBUG 9388 --- [ConsentIQ] [http-nio-8086-exec-5] com.consentiq.filter.MdcLoggingFilter    : → GET /api/admin/users | User: 1 | ReqId: 84d7ff32-b32f-4492-9b72-859091768b52
2026-05-04T10:17:47.183+05:30 DEBUG 9388 --- [ConsentIQ] [http-nio-8086-exec-5] org.hibernate.SQL                        : 
    select
        u1_0.id,
        u1_0.is_active,
        u1_0.created_at,
        u1_0.email,
        u1_0.full_name,
        u1_0.password,
        u1_0.role,
        u1_0.updated_at 
    from
        users u1_0 
    where
        u1_0.email=?
2026-05-04T10:17:47.183+05:30 DEBUG 9388 --- [ConsentIQ] [http-nio-8086-exec-5] com.consentiq.security.JwtAuthFilter     : JWT authentication successful for user admin@consentiq.com
2026-05-04T10:17:47.183+05:30 DEBUG 9388 --- [ConsentIQ] [http-nio-8086-exec-5] org.hibernate.SQL                        : 
    select
        u1_0.id,
        u1_0.is_active,
        u1_0.created_at,
        u1_0.email,
        u1_0.full_name,
        u1_0.password,
        u1_0.role,
        u1_0.updated_at 
    from
        users u1_0 
    where
        (
            ? is null 
            or u1_0.role=?
        ) 
        and (
            ? is null 
            or u1_0.is_active=?
        ) 
        and (
            ? is null 
            or lower(u1_0.full_name) like lower(concat('%', ?, '%')) escape '' 
            or lower(u1_0.email) like lower(concat('%', ?, '%')) escape ''
        ) 
    order by
        u1_0.created_at desc 
    limit
        ?, ?
2026-05-04T10:17:47.196+05:30 DEBUG 9388 --- [ConsentIQ] [http-nio-8086-exec-5] com.consentiq.filter.MdcLoggingFilter    : ← GET /api/admin/users | Status: 200 | Time: 21ms
2026-05-04T10:19:52.280+05:30 DEBUG 9388 --- [ConsentIQ] [http-nio-8086-exec-6] com.consentiq.filter.MdcLoggingFilter    : → GET /api/admin/users | User: 1 | ReqId: 0da2a88a-de58-4bc0-ab00-4ef826c63600
2026-05-04T10:19:52.289+05:30 DEBUG 9388 --- [ConsentIQ] [http-nio-8086-exec-6] org.hibernate.SQL                        : 
    select
        u1_0.id,
        u1_0.is_active,
        u1_0.created_at,
        u1_0.email,
        u1_0.full_name,
        u1_0.password,
        u1_0.role,
        u1_0.updated_at 
    from
        users u1_0 
    where
        u1_0.email=?
2026-05-04T10:19:52.292+05:30 DEBUG 9388 --- [ConsentIQ] [http-nio-8086-exec-6] com.consentiq.security.JwtAuthFilter     : JWT authentication successful for user admin@consentiq.com
2026-05-04T10:19:52.296+05:30 DEBUG 9388 --- [ConsentIQ] [http-nio-8086-exec-6] org.hibernate.SQL                        : 
    select
        u1_0.id,
        u1_0.is_active,
        u1_0.created_at,
        u1_0.email,
        u1_0.full_name,
        u1_0.password,
        u1_0.role,
        u1_0.updated_at 
    from
        users u1_0 
    where
        (
            ? is null 
            or u1_0.role=?
        ) 
        and (
            ? is null 
            or u1_0.is_active=?
        ) 
        and (
            ? is null 
            or lower(u1_0.full_name) like lower(concat('%', ?, '%')) escape '' 
            or lower(u1_0.email) like lower(concat('%', ?, '%')) escape ''
        ) 
    order by
        u1_0.created_at desc 
    limit
        ?, ?
2026-05-04T10:19:52.301+05:30 DEBUG 9388 --- [ConsentIQ] [http-nio-8086-exec-6] com.consentiq.filter.MdcLoggingFilter    : ← GET /api/admin/users | Status: 200 | Time: 21ms
2026-05-04T10:21:26.913+05:30 DEBUG 9388 --- [ConsentIQ] [http-nio-8086-exec-10] com.consentiq.filter.MdcLoggingFilter    : → GET /api/admin/users | User: 1 | ReqId: cc342faa-0595-4cc4-b50a-b2a60482c0d8
2026-05-04T10:21:26.923+05:30 DEBUG 9388 --- [ConsentIQ] [http-nio-8086-exec-10] org.hibernate.SQL                        : 
    select
        u1_0.id,
        u1_0.is_active,
        u1_0.created_at,
        u1_0.email,
        u1_0.full_name,
        u1_0.password,
        u1_0.role,
        u1_0.updated_at 
    from
        users u1_0 
    where
        u1_0.email=?
2026-05-04T10:21:26.923+05:30 DEBUG 9388 --- [ConsentIQ] [http-nio-8086-exec-10] com.consentiq.security.JwtAuthFilter     : JWT authentication successful for user admin@consentiq.com
2026-05-04T10:21:26.923+05:30 DEBUG 9388 --- [ConsentIQ] [http-nio-8086-exec-10] org.hibernate.SQL                        : 
    select
        u1_0.id,
        u1_0.is_active,
        u1_0.created_at,
        u1_0.email,
        u1_0.full_name,
        u1_0.password,
        u1_0.role,
        u1_0.updated_at 
    from
        users u1_0 
    where
        (
            ? is null 
            or u1_0.role=?
        ) 
        and (
            ? is null 
            or u1_0.is_active=?
        ) 
        and (
            ? is null 
            or lower(u1_0.full_name) like lower(concat('%', ?, '%')) escape '' 
            or lower(u1_0.email) like lower(concat('%', ?, '%')) escape ''
        ) 
    order by
        u1_0.created_at desc 
    limit
        ?, ?
2026-05-04T10:21:26.936+05:30 DEBUG 9388 --- [ConsentIQ] [http-nio-8086-exec-10] com.consentiq.filter.MdcLoggingFilter    : ← GET /api/admin/users | Status: 200 | Time: 23ms
2026-05-04T10:23:18.685+05:30 DEBUG 9388 --- [ConsentIQ] [http-nio-8086-exec-1] com.consentiq.filter.MdcLoggingFilter    : → GET /api/admin/users | User: 1 | ReqId: e827ddb9-f66e-46d6-90e1-379e60db1091
2026-05-04T10:23:18.694+05:30 DEBUG 9388 --- [ConsentIQ] [http-nio-8086-exec-1] org.hibernate.SQL                        : 
    select
        u1_0.id,
        u1_0.is_active,
        u1_0.created_at,
        u1_0.email,
        u1_0.full_name,
        u1_0.password,
        u1_0.role,
        u1_0.updated_at 
    from
        users u1_0 
    where
        u1_0.email=?
2026-05-04T10:23:18.696+05:30 DEBUG 9388 --- [ConsentIQ] [http-nio-8086-exec-1] com.consentiq.security.JwtAuthFilter     : JWT authentication successful for user admin@consentiq.com
2026-05-04T10:23:18.701+05:30 DEBUG 9388 --- [ConsentIQ] [http-nio-8086-exec-1] org.hibernate.SQL                        : 
    select
        u1_0.id,
        u1_0.is_active,
        u1_0.created_at,
        u1_0.email,
        u1_0.full_name,
        u1_0.password,
        u1_0.role,
        u1_0.updated_at 
    from
        users u1_0 
    where
        (
            ? is null 
            or u1_0.role=?
        ) 
        and (
            ? is null 
            or u1_0.is_active=?
        ) 
        and (
            ? is null 
            or lower(u1_0.full_name) like lower(concat('%', ?, '%')) escape '' 
            or lower(u1_0.email) like lower(concat('%', ?, '%')) escape ''
        ) 
    order by
        u1_0.created_at desc 
    limit
        ?, ?
2026-05-04T10:23:18.708+05:30 DEBUG 9388 --- [ConsentIQ] [http-nio-8086-exec-1] com.consentiq.filter.MdcLoggingFilter    : ← GET /api/admin/users | Status: 200 | Time: 23ms
2026-05-04T10:23:19.169+05:30 DEBUG 9388 --- [ConsentIQ] [http-nio-8086-exec-3] com.consentiq.filter.MdcLoggingFilter    : → GET /api/admin/users | User: 1 | ReqId: f6919141-50fa-4674-96fe-db7bcff42743
2026-05-04T10:23:19.177+05:30 DEBUG 9388 --- [ConsentIQ] [http-nio-8086-exec-3] org.hibernate.SQL                        : 
    select
        u1_0.id,
        u1_0.is_active,
        u1_0.created_at,
        u1_0.email,
        u1_0.full_name,
        u1_0.password,
        u1_0.role,
        u1_0.updated_at 
    from
        users u1_0 
    where
        u1_0.email=?
2026-05-04T10:23:19.179+05:30 DEBUG 9388 --- [ConsentIQ] [http-nio-8086-exec-3] com.consentiq.security.JwtAuthFilter     : JWT authentication successful for user admin@consentiq.com
2026-05-04T10:23:19.182+05:30 DEBUG 9388 --- [ConsentIQ] [http-nio-8086-exec-3] org.hibernate.SQL                        : 
    select
        u1_0.id,
        u1_0.is_active,
        u1_0.created_at,
        u1_0.email,
        u1_0.full_name,
        u1_0.password,
        u1_0.role,
        u1_0.updated_at 
    from
        users u1_0 
    where
        (
            ? is null 
            or u1_0.role=?
        ) 
        and (
            ? is null 
            or u1_0.is_active=?
        ) 
        and (
            ? is null 
            or lower(u1_0.full_name) like lower(concat('%', ?, '%')) escape '' 
            or lower(u1_0.email) like lower(concat('%', ?, '%')) escape ''
        ) 
    order by
        u1_0.created_at desc 
    limit
        ?, ?
2026-05-04T10:23:19.185+05:30 DEBUG 9388 --- [ConsentIQ] [http-nio-8086-exec-3] com.consentiq.filter.MdcLoggingFilter    : ← GET /api/admin/users | Status: 200 | Time: 17ms
2026-05-04T10:23:19.693+05:30 DEBUG 9388 --- [ConsentIQ] [http-nio-8086-exec-4] com.consentiq.filter.MdcLoggingFilter    : → GET /api/admin/users | User: 1 | ReqId: e736fc10-d99f-40ae-9ccc-79f32c6e185f
2026-05-04T10:23:19.701+05:30 DEBUG 9388 --- [ConsentIQ] [http-nio-8086-exec-4] org.hibernate.SQL                        : 
    select
        u1_0.id,
        u1_0.is_active,
        u1_0.created_at,
        u1_0.email,
        u1_0.full_name,
        u1_0.password,
        u1_0.role,
        u1_0.updated_at 
    from
        users u1_0 
    where
        u1_0.email=?
2026-05-04T10:23:19.703+05:30 DEBUG 9388 --- [ConsentIQ] [http-nio-8086-exec-4] com.consentiq.security.JwtAuthFilter     : JWT authentication successful for user admin@consentiq.com
2026-05-04T10:23:19.703+05:30 DEBUG 9388 --- [ConsentIQ] [http-nio-8086-exec-4] org.hibernate.SQL                        : 
    select
        u1_0.id,
        u1_0.is_active,
        u1_0.created_at,
        u1_0.email,
        u1_0.full_name,
        u1_0.password,
        u1_0.role,
        u1_0.updated_at 
    from
        users u1_0 
    where
        (
            ? is null 
            or u1_0.role=?
        ) 
        and (
            ? is null 
            or u1_0.is_active=?
        ) 
        and (
            ? is null 
            or lower(u1_0.full_name) like lower(concat('%', ?, '%')) escape '' 
            or lower(u1_0.email) like lower(concat('%', ?, '%')) escape ''
        ) 
    order by
        u1_0.created_at desc 
    limit
        ?, ?
2026-05-04T10:23:19.714+05:30 DEBUG 9388 --- [ConsentIQ] [http-nio-8086-exec-4] com.consentiq.filter.MdcLoggingFilter    : ← GET /api/admin/users | Status: 200 | Time: 21ms
2026-05-04T10:23:20.573+05:30 DEBUG 9388 --- [ConsentIQ] [http-nio-8086-exec-2] com.consentiq.filter.MdcLoggingFilter    : → GET /api/admin/users | User: 1 | ReqId: 22592034-be99-470d-879a-e517f15551e4
2026-05-04T10:23:20.580+05:30 DEBUG 9388 --- [ConsentIQ] [http-nio-8086-exec-2] org.hibernate.SQL                        : 
    select
        u1_0.id,
        u1_0.is_active,
        u1_0.created_at,
        u1_0.email,
        u1_0.full_name,
        u1_0.password,
        u1_0.role,
        u1_0.updated_at 
    from
        users u1_0 
    where
        u1_0.email=?
2026-05-04T10:23:20.582+05:30 DEBUG 9388 --- [ConsentIQ] [http-nio-8086-exec-2] com.consentiq.security.JwtAuthFilter     : JWT authentication successful for user admin@consentiq.com
2026-05-04T10:23:20.585+05:30 DEBUG 9388 --- [ConsentIQ] [http-nio-8086-exec-2] org.hibernate.SQL                        : 
    select
        u1_0.id,
        u1_0.is_active,
        u1_0.created_at,
        u1_0.email,
        u1_0.full_name,
        u1_0.password,
        u1_0.role,
        u1_0.updated_at 
    from
        users u1_0 
    where
        (
            ? is null 
            or u1_0.role=?
        ) 
        and (
            ? is null 
            or u1_0.is_active=?
        ) 
        and (
            ? is null 
            or lower(u1_0.full_name) like lower(concat('%', ?, '%')) escape '' 
            or lower(u1_0.email) like lower(concat('%', ?, '%')) escape ''
        ) 
    order by
        u1_0.created_at desc 
    limit
        ?, ?
2026-05-04T10:23:20.592+05:30 DEBUG 9388 --- [ConsentIQ] [http-nio-8086-exec-2] com.consentiq.filter.MdcLoggingFilter    : ← GET /api/admin/users | Status: 200 | Time: 19ms
2026-05-04T10:23:21.208+05:30 DEBUG 9388 --- [ConsentIQ] [http-nio-8086-exec-5] com.consentiq.filter.MdcLoggingFilter    : → GET /api/admin/users | User: 1 | ReqId: c36888d5-df71-44ec-bb7c-bc146f419123
2026-05-04T10:23:21.217+05:30 DEBUG 9388 --- [ConsentIQ] [http-nio-8086-exec-5] org.hibernate.SQL                        : 
    select
        u1_0.id,
        u1_0.is_active,
        u1_0.created_at,
        u1_0.email,
        u1_0.full_name,
        u1_0.password,
        u1_0.role,
        u1_0.updated_at 
    from
        users u1_0 
    where
        u1_0.email=?
2026-05-04T10:23:21.219+05:30 DEBUG 9388 --- [ConsentIQ] [http-nio-8086-exec-5] com.consentiq.security.JwtAuthFilter     : JWT authentication successful for user admin@consentiq.com
2026-05-04T10:23:21.223+05:30 DEBUG 9388 --- [ConsentIQ] [http-nio-8086-exec-5] org.hibernate.SQL                        : 
    select
        u1_0.id,
        u1_0.is_active,
        u1_0.created_at,
        u1_0.email,
        u1_0.full_name,
        u1_0.password,
        u1_0.role,
        u1_0.updated_at 
    from
        users u1_0 
    where
        (
            ? is null 
            or u1_0.role=?
        ) 
        and (
            ? is null 
            or u1_0.is_active=?
        ) 
        and (
            ? is null 
            or lower(u1_0.full_name) like lower(concat('%', ?, '%')) escape '' 
            or lower(u1_0.email) like lower(concat('%', ?, '%')) escape ''
        ) 
    order by
        u1_0.created_at desc 
    limit
        ?, ?
2026-05-04T10:23:21.223+05:30 DEBUG 9388 --- [ConsentIQ] [http-nio-8086-exec-5] com.consentiq.filter.MdcLoggingFilter    : ← GET /api/admin/users | Status: 200 | Time: 15ms
2026-05-04T10:24:41.754+05:30 DEBUG 9388 --- [ConsentIQ] [http-nio-8086-exec-6] com.consentiq.filter.MdcLoggingFilter    : → GET /api/admin/users | User: 1 | ReqId: 9c1fee83-b3c8-4292-9bfe-b215ef5ca6f6
2026-05-04T10:24:41.761+05:30 DEBUG 9388 --- [ConsentIQ] [http-nio-8086-exec-6] org.hibernate.SQL                        : 
    select
        u1_0.id,
        u1_0.is_active,
        u1_0.created_at,
        u1_0.email,
        u1_0.full_name,
        u1_0.password,
        u1_0.role,
        u1_0.updated_at 
    from
        users u1_0 
    where
        u1_0.email=?
2026-05-04T10:24:41.764+05:30 DEBUG 9388 --- [ConsentIQ] [http-nio-8086-exec-6] com.consentiq.security.JwtAuthFilter     : JWT authentication successful for user admin@consentiq.com
2026-05-04T10:24:41.769+05:30 DEBUG 9388 --- [ConsentIQ] [http-nio-8086-exec-6] org.hibernate.SQL                        : 
    select
        u1_0.id,
        u1_0.is_active,
        u1_0.created_at,
        u1_0.email,
        u1_0.full_name,
        u1_0.password,
        u1_0.role,
        u1_0.updated_at 
    from
        users u1_0 
    where
        (
            ? is null 
            or u1_0.role=?
        ) 
        and (
            ? is null 
            or u1_0.is_active=?
        ) 
        and (
            ? is null 
            or lower(u1_0.full_name) like lower(concat('%', ?, '%')) escape '' 
            or lower(u1_0.email) like lower(concat('%', ?, '%')) escape ''
        ) 
    order by
        u1_0.created_at desc 
    limit
        ?, ?
2026-05-04T10:24:41.774+05:30 DEBUG 9388 --- [ConsentIQ] [http-nio-8086-exec-6] com.consentiq.filter.MdcLoggingFilter    : ← GET /api/admin/users | Status: 200 | Time: 20ms
2026-05-04T10:33:47.193+05:30  WARN 9388 --- [ConsentIQ] [HikariPool-1 housekeeper] com.zaxxer.hikari.pool.HikariPool        : HikariPool-1 - Thread starvation or clock leap detected (housekeeper delta=2m3s110ms248µs700ns).
2026-05-04T10:33:47.411+05:30 DEBUG 9388 --- [ConsentIQ] [http-nio-8086-exec-10] com.consentiq.filter.MdcLoggingFilter    : → GET /api/admin/users | User: 1 | ReqId: d29fd913-91af-4158-b39d-97848230227d
2026-05-04T10:33:47.417+05:30 DEBUG 9388 --- [ConsentIQ] [http-nio-8086-exec-10] org.hibernate.SQL                        : 
    select
        u1_0.id,
        u1_0.is_active,
        u1_0.created_at,
        u1_0.email,
        u1_0.full_name,
        u1_0.password,
        u1_0.role,
        u1_0.updated_at 
    from
        users u1_0 
    where
        u1_0.email=?
2026-05-04T10:33:47.420+05:30 DEBUG 9388 --- [ConsentIQ] [http-nio-8086-exec-10] com.consentiq.security.JwtAuthFilter     : JWT authentication successful for user admin@consentiq.com
2026-05-04T10:33:47.420+05:30 DEBUG 9388 --- [ConsentIQ] [http-nio-8086-exec-10] org.hibernate.SQL                        : 
    select
        u1_0.id,
        u1_0.is_active,
        u1_0.created_at,
        u1_0.email,
        u1_0.full_name,
        u1_0.password,
        u1_0.role,
        u1_0.updated_at 
    from
        users u1_0 
    where
        (
            ? is null 
            or u1_0.role=?
        ) 
        and (
            ? is null 
            or u1_0.is_active=?
        ) 
        and (
            ? is null 
            or lower(u1_0.full_name) like lower(concat('%', ?, '%')) escape '' 
            or lower(u1_0.email) like lower(concat('%', ?, '%')) escape ''
        ) 
    order by
        u1_0.created_at desc 
    limit
        ?, ?
2026-05-04T10:33:47.430+05:30 DEBUG 9388 --- [ConsentIQ] [http-nio-8086-exec-10] com.consentiq.filter.MdcLoggingFilter    : ← GET /api/admin/users | Status: 200 | Time: 19ms
2026-05-04T10:39:33.683+05:30  INFO 9388 --- [ConsentIQ] [RMI TCP Connection(56)-127.0.0.1] inMXBeanRegistrar$SpringApplicationAdmin : Application shutdown requested.
2026-05-04T10:39:33.714+05:30  INFO 9388 --- [ConsentIQ] [RMI TCP Connection(56)-127.0.0.1] j.LocalContainerEntityManagerFactoryBean : Closing JPA EntityManagerFactory for persistence unit 'default'
2026-05-04T10:39:33.723+05:30  INFO 9388 --- [ConsentIQ] [RMI TCP Connection(56)-127.0.0.1] com.zaxxer.hikari.HikariDataSource       : HikariPool-1 - Shutdown initiated...
2026-05-04T10:39:33.730+05:30  INFO 9388 --- [ConsentIQ] [RMI TCP Connection(56)-127.0.0.1] com.zaxxer.hikari.HikariDataSource       : HikariPool-1 - Shutdown completed.
